06:22:09 [INFO] Start
06:22:09 [INFO] ==================================================================
06:22:09 [INFO] Config - pretrain:
# Pretrain file num
PRETRAIN_FILE_NUM = 20
LOAD_DATA_TYPE = 'mem'#'fluid'
# Training params
NUM_FOLDS = 1
SEED = 2021
BATCH_SIZE = 128
NUM_EPOCHS = 40
WARMUP_RATIO = 0.06
REINIT_LAYER = 0
WEIGHT_DECAY = 0.01
LR = {'others':5e-4, 'roberta':5e-5, 'newfc_videoreg':5e-4}
LR_LAYER_DECAY = 1.0
PRETRAIN_TASK = ['tag', 'mlm', 'mfm']
06:22:09 [INFO] ==================================================================
06:22:09 [INFO] Config - model:
MODEL_TYPE = 'uni'#'all', 'cross', 'frame', 'bi', 'uni'

MODEL_CONFIG = {
    'INPUT_SIZE': 1792,
    'HIDDEN_SIZE': 256,
    'NUM_CLASSES': 10000,
    'FEATURE_SIZE': 1536,
    'OUTPUT_SIZE': 1024,
    'EXPANSION_SIZE': 2,
    'CLUSTER_SIZE': 64,
    'NUM_GROUPS': 8,
    'DROPOUT_PROB': 0.2,
}

BERT_CFG_DICT = {}
BERT_CFG_DICT['uni'] = {
    'hidden_size':768,
    'num_hidden_layers':6,
    'num_attention_heads':12,
    'intermediate_size':3072,
    'hidden_dropout_prob':0.0,
    'attention_probs_dropout_prob':0.0
}
06:22:09 [INFO] ==================================================================
06:22:09 [INFO] Config - data:
DATA_PATH = '../input/data'
BERT_PATH = '../input/pretrain-model/roberta-wwm-large'

DESC = {
    'tag_id':"int",
    'id': 'byte',
    'category_id': 'int',
    'title': 'byte',
    'asr_text': 'byte',
    'frame_feature': 'bytes'
}

DESC_NOTAG = {
    'id': 'byte',
    'title': 'byte',
    'asr_text': 'byte',
    'frame_feature': 'bytes'
}
06:22:09 [INFO] Model_type = uni
06:22:09 [INFO] ==================================================================
06:22:09 [INFO] Fold=1/1 seed=2021
06:22:09 [INFO] Load data into memory
06:30:01 [INFO] Dataset used memory = 56.2GB
06:30:01 [INFO] Total train steps=312500, warmup steps=18750
06:33:01 [INFO] Epoch=1/40|step= 20|val_acc=9.965e-06|time=8.99s|New best_acc=9.965e-06
06:39:02 [INFO] Epoch=1/40|step=500|val_acc=0.005107|time=1.98e+02s|New best_acc=0.005107
06:45:32 [INFO] Epoch=1/40|step=1000|val_acc=0.00522|time=2.21e+02s|New best_acc=0.00522
06:51:54 [INFO] Epoch=1/40|step=1500|val_acc=0.00488|time=2.22e+02s
06:58:12 [INFO] Epoch=1/40|step=2000|val_acc=0.005567|time=2.28e+02s|New best_acc=0.005567
07:04:19 [INFO] Epoch=1/40|step=2500|val_acc=0.004069|time=2.3e+02s
07:10:45 [INFO] Epoch=1/40|step=3000|val_acc=0.008683|time=2.38e+02s|New best_acc=0.008683
07:17:12 [INFO] Epoch=1/40|step=3500|val_acc=0.01348|time=2.36e+02s|New best_acc=0.01348
07:24:09 [INFO] Epoch=1/40|step=4000|val_acc=0.02658|time=2.4e+02s|New best_acc=0.02658
07:30:58 [INFO] Epoch=1/40|step=4500|val_acc=0.03259|time=2.37e+02s|New best_acc=0.03259
07:37:47 [INFO] Epoch=1/40|step=5000|val_acc=0.04907|time=2.4e+02s|New best_acc=0.04907
07:44:42 [INFO] Epoch=1/40|step=5500|val_acc=0.1015|time=2.44e+02s|New best_acc=0.1015
07:51:41 [INFO] Epoch=1/40|step=6000|val_acc=0.1424|time=2.47e+02s|New best_acc=0.1424
07:58:41 [INFO] Epoch=1/40|step=6500|val_acc=0.2004|time=2.49e+02s|New best_acc=0.2004
08:05:46 [INFO] Epoch=1/40|step=7000|val_acc=0.2343|time=2.52e+02s|New best_acc=0.2343
08:12:47 [INFO] Epoch=1/40|step=7500|val_acc=0.2416|time=2.53e+02s|New best_acc=0.2416
08:17:57 [INFO] val_acc=0.2415554921467267
08:21:56 [INFO] Epoch=2/40|step=8000|val_acc=0.2715|time=3.95e+02s|New best_acc=0.2715
08:29:05 [INFO] Epoch=2/40|step=8500|val_acc=0.3009|time=2.6e+02s|New best_acc=0.3009
08:36:14 [INFO] Epoch=2/40|step=9000|val_acc=0.3143|time=2.6e+02s|New best_acc=0.3143
08:43:26 [INFO] Epoch=2/40|step=9500|val_acc= 0.348|time=2.61e+02s|New best_acc= 0.348
08:50:41 [INFO] Epoch=2/40|step=10000|val_acc=0.3647|time=2.64e+02s|New best_acc=0.3647
08:58:03 [INFO] Epoch=2/40|step=10500|val_acc=0.3721|time=2.66e+02s|New best_acc=0.3721
09:05:30 [INFO] Epoch=2/40|step=11000|val_acc= 0.394|time=2.71e+02s|New best_acc= 0.394
09:12:55 [INFO] Epoch=2/40|step=11500|val_acc= 0.403|time=2.72e+02s|New best_acc= 0.403
09:20:19 [INFO] Epoch=2/40|step=12000|val_acc=0.4263|time=2.7e+02s|New best_acc=0.4263
09:27:25 [INFO] Epoch=2/40|step=12500|val_acc=0.4321|time=2.72e+02s|New best_acc=0.4321
09:34:39 [INFO] Epoch=2/40|step=13000|val_acc=0.4425|time=2.8e+02s|New best_acc=0.4425
09:42:13 [INFO] Epoch=2/40|step=13500|val_acc=0.4551|time=2.81e+02s|New best_acc=0.4551
09:49:46 [INFO] Epoch=2/40|step=14000|val_acc=0.4597|time=2.79e+02s|New best_acc=0.4597
09:57:26 [INFO] Epoch=2/40|step=14500|val_acc=0.4724|time=2.86e+02s|New best_acc=0.4724
10:05:09 [INFO] Epoch=2/40|step=15000|val_acc=0.4747|time=2.89e+02s|New best_acc=0.4747
10:12:48 [INFO] Epoch=2/40|step=15500|val_acc=0.4791|time=2.89e+02s|New best_acc=0.4791
10:16:19 [INFO] val_acc=0.4790901825275246
10:22:44 [INFO] Epoch=3/40|step=16000|val_acc=0.4839|time=4.32e+02s|New best_acc=0.4839
10:30:32 [INFO] Epoch=3/40|step=16500|val_acc=0.4962|time=2.95e+02s|New best_acc=0.4962
10:38:19 [INFO] Epoch=3/40|step=17000|val_acc=0.5014|time=2.94e+02s|New best_acc=0.5014
10:46:05 [INFO] Epoch=3/40|step=17500|val_acc=0.5082|time=2.94e+02s|New best_acc=0.5082
10:53:53 [INFO] Epoch=3/40|step=18000|val_acc=0.5129|time=2.95e+02s|New best_acc=0.5129
11:01:36 [INFO] Epoch=3/40|step=18500|val_acc=0.5204|time=2.94e+02s|New best_acc=0.5204
11:09:25 [INFO] Epoch=3/40|step=19000|val_acc=0.5253|time=2.98e+02s|New best_acc=0.5253
11:17:17 [INFO] Epoch=3/40|step=19500|val_acc=0.5267|time=2.98e+02s|New best_acc=0.5267
11:25:09 [INFO] Epoch=3/40|step=20000|val_acc=0.5347|time=2.99e+02s|New best_acc=0.5347
11:32:57 [INFO] Epoch=3/40|step=20500|val_acc=0.5475|time=3.01e+02s|New best_acc=0.5475
11:40:53 [INFO] Epoch=3/40|step=21000|val_acc= 0.551|time=3.04e+02s|New best_acc= 0.551
11:48:54 [INFO] Epoch=3/40|step=21500|val_acc=0.5519|time=3.05e+02s|New best_acc=0.5519
11:56:48 [INFO] Epoch=3/40|step=22000|val_acc=0.5541|time=3.06e+02s|New best_acc=0.5541
12:04:53 [INFO] Epoch=3/40|step=22500|val_acc=0.5613|time=3.08e+02s|New best_acc=0.5613
12:12:44 [INFO] Epoch=3/40|step=23000|val_acc=0.5576|time=3.09e+02s
12:19:51 [INFO] val_acc=0.561298174366825
12:23:05 [INFO] Epoch=4/40|step=23500|val_acc=0.5509|time=4.58e+02s
12:31:04 [INFO] Epoch=4/40|step=24000|val_acc=0.5595|time=3.19e+02s
12:39:26 [INFO] Epoch=4/40|step=24500|val_acc=0.5669|time=3.26e+02s|New best_acc=0.5669
12:47:44 [INFO] Epoch=4/40|step=25000|val_acc=0.5671|time=3.22e+02s|New best_acc=0.5671
12:55:55 [INFO] Epoch=4/40|step=25500|val_acc=0.5699|time=3.25e+02s|New best_acc=0.5699
13:04:13 [INFO] Epoch=4/40|step=26000|val_acc=0.5713|time=3.3e+02s|New best_acc=0.5713
13:12:34 [INFO] Epoch=4/40|step=26500|val_acc=0.5745|time=3.33e+02s|New best_acc=0.5745
13:20:45 [INFO] Epoch=4/40|step=27000|val_acc=0.5735|time=3.35e+02s
13:29:19 [INFO] Epoch=4/40|step=27500|val_acc=0.5746|time=3.46e+02s|New best_acc=0.5746
13:37:46 [INFO] Epoch=4/40|step=28000|val_acc=0.5903|time=3.39e+02s|New best_acc=0.5903
13:46:02 [INFO] Epoch=4/40|step=28500|val_acc=0.5884|time=3.34e+02s
13:54:18 [INFO] Epoch=4/40|step=29000|val_acc=0.5894|time=3.39e+02s
14:02:35 [INFO] Epoch=4/40|step=29500|val_acc=0.5865|time=3.38e+02s
14:11:02 [INFO] Epoch=4/40|step=30000|val_acc=0.5944|time=3.35e+02s|New best_acc=0.5944
14:19:21 [INFO] Epoch=4/40|step=30500|val_acc=0.6007|time=3.28e+02s|New best_acc=0.6007
14:27:37 [INFO] Epoch=4/40|step=31000|val_acc=0.6028|time=3.27e+02s|New best_acc=0.6028
14:32:43 [INFO] val_acc=0.6027518481238879
14:38:06 [INFO] Epoch=5/40|step=31500|val_acc=0.5952|time=4.72e+02s
14:46:26 [INFO] Epoch=5/40|step=32000|val_acc=0.5989|time=3.4e+02s
14:54:58 [INFO] Epoch=5/40|step=32500|val_acc=0.6028|time=3.42e+02s|New best_acc=0.6028
15:03:19 [INFO] Epoch=5/40|step=33000|val_acc=0.5936|time=3.41e+02s
15:11:45 [INFO] Epoch=5/40|step=33500|val_acc=0.5993|time=3.52e+02s
15:20:36 [INFO] Epoch=5/40|step=34000|val_acc=0.6077|time=3.6e+02s|New best_acc=0.6077
15:29:04 [INFO] Epoch=5/40|step=34500|val_acc=0.5994|time=3.49e+02s
15:37:45 [INFO] Epoch=5/40|step=35000|val_acc=0.6075|time=3.65e+02s
15:46:41 [INFO] Epoch=5/40|step=35500|val_acc=0.6084|time=3.66e+02s|New best_acc=0.6084
15:55:35 [INFO] Epoch=5/40|step=36000|val_acc=0.6089|time=3.64e+02s|New best_acc=0.6089
16:04:34 [INFO] Epoch=5/40|step=36500|val_acc=0.6156|time=3.68e+02s|New best_acc=0.6156
16:13:28 [INFO] Epoch=5/40|step=37000|val_acc=0.6126|time=3.7e+02s
16:22:26 [INFO] Epoch=5/40|step=37500|val_acc=0.6071|time=3.77e+02s
16:31:28 [INFO] Epoch=5/40|step=38000|val_acc=0.6095|time=3.84e+02s
16:40:38 [INFO] Epoch=5/40|step=38500|val_acc=0.6139|time=3.89e+02s
16:50:07 [INFO] Epoch=5/40|step=39000|val_acc=0.6168|time=3.93e+02s|New best_acc=0.6168
16:53:14 [INFO] val_acc=0.6168414999516028
17:02:08 [INFO] Epoch=6/40|step=39500|val_acc=0.6185|time=5.39e+02s|New best_acc=0.6185
17:11:16 [INFO] Epoch=6/40|step=40000|val_acc=0.6076|time=3.89e+02s
17:20:45 [INFO] Epoch=6/40|step=40500|val_acc=0.6158|time=4.04e+02s
17:30:16 [INFO] Epoch=6/40|step=41000|val_acc=0.6181|time=4.07e+02s
17:39:43 [INFO] Epoch=6/40|step=41500|val_acc=0.6149|time=4.06e+02s
17:49:12 [INFO] Epoch=6/40|step=42000|val_acc=0.6167|time=4.06e+02s
17:58:44 [INFO] Epoch=6/40|step=42500|val_acc= 0.612|time=4.07e+02s
18:08:20 [INFO] Epoch=6/40|step=43000|val_acc=0.6197|time=4.02e+02s|New best_acc=0.6197
18:17:43 [INFO] Epoch=6/40|step=43500|val_acc=0.6158|time=3.98e+02s
18:27:14 [INFO] Epoch=6/40|step=44000|val_acc= 0.615|time=4.08e+02s
18:37:07 [INFO] Epoch=6/40|step=44500|val_acc=0.6211|time=4.13e+02s|New best_acc=0.6211
18:46:31 [INFO] Epoch=6/40|step=45000|val_acc=0.6167|time=4.01e+02s
18:56:22 [INFO] Epoch=6/40|step=45500|val_acc=0.6219|time=4.11e+02s|New best_acc=0.6219
19:06:10 [INFO] Epoch=6/40|step=46000|val_acc=0.6249|time=4.1e+02s|New best_acc=0.6249
19:16:00 [INFO] Epoch=6/40|step=46500|val_acc=0.6286|time=4.11e+02s|New best_acc=0.6286
19:23:50 [INFO] val_acc=0.6286107302027646
19:28:21 [INFO] Epoch=7/40|step=47000|val_acc=0.6223|time=5.75e+02s
19:38:15 [INFO] Epoch=7/40|step=47500|val_acc=0.6172|time=4.26e+02s
19:48:14 [INFO] Epoch=7/40|step=48000|val_acc=0.6229|time=4.3e+02s
19:58:24 [INFO] Epoch=7/40|step=48500|val_acc=0.6223|time=4.37e+02s
20:08:35 [INFO] Epoch=7/40|step=49000|val_acc=0.6237|time=4.4e+02s
20:18:46 [INFO] Epoch=7/40|step=49500|val_acc=0.6231|time=4.41e+02s
20:28:51 [INFO] Epoch=7/40|step=50000|val_acc= 0.623|time=4.35e+02s
20:38:59 [INFO] Epoch=7/40|step=50500|val_acc=0.6215|time=4.34e+02s
20:49:15 [INFO] Epoch=7/40|step=51000|val_acc= 0.625|time=4.36e+02s
20:59:37 [INFO] Epoch=7/40|step=51500|val_acc=0.6231|time=4.39e+02s
21:09:36 [INFO] Epoch=7/40|step=52000|val_acc=0.6201|time=4.39e+02s
21:16:53 [INFO] Epoch=7/40|step=52500|val_acc=0.6243|time=2.77e+02s
21:23:05 [INFO] Epoch=7/40|step=53000|val_acc=0.6248|time=2.19e+02s
21:29:05 [INFO] Epoch=7/40|step=53500|val_acc=0.6237|time=2.02e+02s
21:35:09 [INFO] Epoch=7/40|step=54000|val_acc=0.6323|time=1.9e+02s|New best_acc=0.6323
21:40:51 [INFO] Epoch=7/40|step=54500|val_acc=0.6316|time=1.8e+02s
21:44:30 [INFO] val_acc=0.6322643958818434
21:48:54 [INFO] Epoch=8/40|step=55000|val_acc=0.6227|time=3.27e+02s
21:54:37 [INFO] Epoch=8/40|step=55500|val_acc=0.6204|time=1.77e+02s
22:00:07 [INFO] Epoch=8/40|step=56000|val_acc=0.6248|time=1.73e+02s
22:05:33 [INFO] Epoch=8/40|step=56500|val_acc=0.6244|time=1.71e+02s
22:11:05 [INFO] Epoch=8/40|step=57000|val_acc=0.6206|time=1.71e+02s
22:16:35 [INFO] Epoch=8/40|step=57500|val_acc=0.6255|time=1.7e+02s
22:22:04 [INFO] Epoch=8/40|step=58000|val_acc=0.6191|time=1.67e+02s
22:27:17 [INFO] Epoch=8/40|step=58500|val_acc= 0.625|time=1.62e+02s
22:32:18 [INFO] Epoch=8/40|step=59000|val_acc=0.6297|time=1.56e+02s
22:37:33 [INFO] Epoch=8/40|step=59500|val_acc=0.6228|time=1.58e+02s
22:42:41 [INFO] Epoch=8/40|step=60000|val_acc=0.6265|time=1.5e+02s
22:47:47 [INFO] Epoch=8/40|step=60500|val_acc=0.6242|time=1.48e+02s
22:52:32 [INFO] Epoch=8/40|step=61000|val_acc=0.6253|time=1.32e+02s
22:57:14 [INFO] Epoch=8/40|step=61500|val_acc=0.6277|time=1.23e+02s
23:01:53 [INFO] Epoch=8/40|step=62000|val_acc=0.6269|time=1.19e+02s
23:06:25 [INFO] val_acc=0.6322643958818434
23:09:08 [INFO] Epoch=9/40|step=62500|val_acc= 0.629|time=2.78e+02s
23:13:43 [INFO] Epoch=9/40|step=63000|val_acc=0.6255|time=1.16e+02s
23:18:16 [INFO] Epoch=9/40|step=63500|val_acc=0.6183|time=1.17e+02s
23:22:53 [INFO] Epoch=9/40|step=64000|val_acc=0.6182|time=1.16e+02s
23:27:31 [INFO] Epoch=9/40|step=64500|val_acc=0.6247|time=1.15e+02s
23:32:00 [INFO] Epoch=9/40|step=65000|val_acc=0.6242|time=1.16e+02s
23:36:37 [INFO] Epoch=9/40|step=65500|val_acc= 0.622|time=1.15e+02s
23:41:09 [INFO] Epoch=9/40|step=66000|val_acc= 0.626|time=1.15e+02s
23:45:42 [INFO] Epoch=9/40|step=66500|val_acc=0.6257|time=1.16e+02s
23:50:16 [INFO] Epoch=9/40|step=67000|val_acc=0.6256|time=1.15e+02s
23:54:49 [INFO] Epoch=9/40|step=67500|val_acc= 0.628|time=1.15e+02s
23:59:21 [INFO] Epoch=9/40|step=68000|val_acc=0.6241|time=1.16e+02s
00:03:55 [INFO] Epoch=9/40|step=68500|val_acc= 0.625|time=1.15e+02s
00:08:32 [INFO] Epoch=9/40|step=69000|val_acc=0.6215|time=1.15e+02s
00:13:05 [INFO] Epoch=9/40|step=69500|val_acc=0.6257|time=1.14e+02s
00:17:42 [INFO] Epoch=9/40|step=70000|val_acc=0.6238|time=1.15e+02s
00:21:39 [INFO] val_acc=0.6322643958818434
00:24:57 [INFO] Epoch=10/40|step=70500|val_acc=0.6241|time=2.86e+02s
00:29:23 [INFO] Epoch=10/40|step=71000|val_acc=0.6234|time=1.13e+02s
00:33:57 [INFO] Epoch=10/40|step=71500|val_acc=0.6238|time=1.13e+02s
00:38:28 [INFO] Epoch=10/40|step=72000|val_acc=0.6236|time=1.14e+02s
00:42:56 [INFO] Epoch=10/40|step=72500|val_acc=0.6238|time=1.14e+02s
00:47:31 [INFO] Epoch=10/40|step=73000|val_acc= 0.624|time=1.15e+02s
00:52:06 [INFO] Epoch=10/40|step=73500|val_acc=0.6269|time=1.15e+02s
00:56:42 [INFO] Epoch=10/40|step=74000|val_acc=0.6233|time=1.16e+02s
01:01:15 [INFO] Epoch=10/40|step=74500|val_acc=0.6271|time=1.15e+02s
01:05:52 [INFO] Epoch=10/40|step=75000|val_acc=0.6249|time=1.14e+02s
01:10:20 [INFO] Epoch=10/40|step=75500|val_acc= 0.621|time=1.14e+02s
01:14:50 [INFO] Epoch=10/40|step=76000|val_acc=0.6293|time=1.15e+02s
01:19:24 [INFO] Epoch=10/40|step=76500|val_acc=0.6235|time=1.14e+02s
01:24:02 [INFO] Epoch=10/40|step=77000|val_acc=0.6305|time=1.14e+02s
01:28:37 [INFO] Epoch=10/40|step=77500|val_acc=0.6322|time=1.14e+02s
01:33:05 [INFO] Epoch=10/40|step=78000|val_acc=0.6283|time=1.15e+02s
01:36:16 [INFO] val_acc=0.6322643958818434
01:40:26 [INFO] Epoch=11/40|step=78500|val_acc=0.6258|time=2.83e+02s
01:45:01 [INFO] Epoch=11/40|step=79000|val_acc=0.6239|time=1.14e+02s
01:49:31 [INFO] Epoch=11/40|step=79500|val_acc=0.6236|time=1.14e+02s
01:54:03 [INFO] Epoch=11/40|step=80000|val_acc=0.6254|time=1.14e+02s
01:58:37 [INFO] Epoch=11/40|step=80500|val_acc=0.6257|time=1.14e+02s
02:03:06 [INFO] Epoch=11/40|step=81000|val_acc=0.6282|time=1.14e+02s
02:07:31 [INFO] Epoch=11/40|step=81500|val_acc= 0.629|time=1.13e+02s
02:12:00 [INFO] Epoch=11/40|step=82000|val_acc=0.6201|time=1.14e+02s
02:16:29 [INFO] Epoch=11/40|step=82500|val_acc=0.6298|time=1.13e+02s
02:20:53 [INFO] Epoch=11/40|step=83000|val_acc=0.6303|time=1.14e+02s
02:25:22 [INFO] Epoch=11/40|step=83500|val_acc=0.6267|time=1.13e+02s
02:29:54 [INFO] Epoch=11/40|step=84000|val_acc=0.6263|time=1.14e+02s
02:34:28 [INFO] Epoch=11/40|step=84500|val_acc=0.6263|time=1.14e+02s
02:38:49 [INFO] Epoch=11/40|step=85000|val_acc=0.6295|time=1.14e+02s
02:43:21 [INFO] Epoch=11/40|step=85500|val_acc=0.6296|time=1.11e+02s
02:47:38 [INFO] val_acc=0.6322643958818434
02:50:34 [INFO] Epoch=12/40|step=86000|val_acc=0.6276|time=2.77e+02s
02:55:00 [INFO] Epoch=12/40|step=86500|val_acc=0.6294|time=1.14e+02s
02:59:28 [INFO] Epoch=12/40|step=87000|val_acc=0.6243|time=1.15e+02s
03:03:58 [INFO] Epoch=12/40|step=87500|val_acc=0.6257|time=1.14e+02s
03:08:30 [INFO] Epoch=12/40|step=88000|val_acc=0.6268|time=1.14e+02s
03:12:58 [INFO] Epoch=12/40|step=88500|val_acc= 0.628|time=1.14e+02s
03:17:27 [INFO] Epoch=12/40|step=89000|val_acc= 0.628|time=1.14e+02s
03:22:00 [INFO] Epoch=12/40|step=89500|val_acc=0.6253|time=1.14e+02s
03:26:34 [INFO] Epoch=12/40|step=90000|val_acc=0.6248|time=1.14e+02s
03:31:07 [INFO] Epoch=12/40|step=90500|val_acc=0.6295|time=1.14e+02s
03:35:37 [INFO] Epoch=12/40|step=91000|val_acc=0.6265|time=1.14e+02s
03:40:18 [INFO] Epoch=12/40|step=91500|val_acc=0.6325|time=1.14e+02s|New best_acc=0.6325
03:44:55 [INFO] Epoch=12/40|step=92000|val_acc=0.6239|time=1.14e+02s
03:49:26 [INFO] Epoch=12/40|step=92500|val_acc= 0.629|time=1.14e+02s
03:54:01 [INFO] Epoch=12/40|step=93000|val_acc=0.6321|time=1.15e+02s
03:58:30 [INFO] Epoch=12/40|step=93500|val_acc=0.6281|time=1.15e+02s
04:01:59 [INFO] val_acc=0.6325229514780853
04:05:43 [INFO] Epoch=13/40|step=94000|val_acc=0.6266|time=2.71e+02s
04:10:29 [INFO] Epoch=13/40|step=94500|val_acc=0.6214|time=1.15e+02s
04:15:08 [INFO] Epoch=13/40|step=95000|val_acc=0.6268|time=1.15e+02s
04:19:34 [INFO] Epoch=13/40|step=95500|val_acc=0.6277|time=1.14e+02s
04:24:07 [INFO] Epoch=13/40|step=96000|val_acc=0.6216|time=1.14e+02s
04:28:42 [INFO] Epoch=13/40|step=96500|val_acc=0.6252|time=1.14e+02s
04:33:14 [INFO] Epoch=13/40|step=97000|val_acc= 0.626|time=1.14e+02s
04:37:43 [INFO] Epoch=13/40|step=97500|val_acc=0.6252|time=1.14e+02s
04:42:15 [INFO] Epoch=13/40|step=98000|val_acc=0.6285|time=1.14e+02s
04:46:48 [INFO] Epoch=13/40|step=98500|val_acc= 0.625|time=1.14e+02s
04:51:17 [INFO] Epoch=13/40|step=99000|val_acc=0.6244|time=1.14e+02s
04:55:47 [INFO] Epoch=13/40|step=99500|val_acc=0.6277|time=1.14e+02s
05:00:21 [INFO] Epoch=13/40|step=100000|val_acc= 0.627|time=1.15e+02s
05:04:54 [INFO] Epoch=13/40|step=100500|val_acc=0.6281|time=1.14e+02s
05:09:23 [INFO] Epoch=13/40|step=101000|val_acc=0.6273|time=1.14e+02s
05:13:51 [INFO] Epoch=13/40|step=101500|val_acc=0.6294|time=1.13e+02s
05:16:44 [INFO] val_acc=0.6325229514780853
05:21:19 [INFO] Epoch=14/40|step=102000|val_acc=0.6335|time=2.79e+02s|New best_acc=0.6335
05:25:33 [INFO] Epoch=14/40|step=102500|val_acc=0.6237|time=1.11e+02s
05:30:00 [INFO] Epoch=14/40|step=103000|val_acc=0.6301|time=1.13e+02s
05:34:31 [INFO] Epoch=14/40|step=103500|val_acc=0.6252|time=1.12e+02s
05:39:04 [INFO] Epoch=14/40|step=104000|val_acc=0.6255|time=1.14e+02s
05:43:33 [INFO] Epoch=14/40|step=104500|val_acc= 0.628|time=1.14e+02s
05:47:59 [INFO] Epoch=14/40|step=105000|val_acc=0.6269|time=1.14e+02s
05:52:34 [INFO] Epoch=14/40|step=105500|val_acc=0.6297|time=1.15e+02s
05:57:11 [INFO] Epoch=14/40|step=106000|val_acc=0.6271|time=1.14e+02s
06:01:45 [INFO] Epoch=14/40|step=106500|val_acc= 0.624|time=1.14e+02s
06:06:18 [INFO] Epoch=14/40|step=107000|val_acc=0.6292|time=1.14e+02s
06:10:47 [INFO] Epoch=14/40|step=107500|val_acc=0.6319|time=1.14e+02s
06:15:21 [INFO] Epoch=14/40|step=108000|val_acc=0.6271|time=1.15e+02s
06:19:57 [INFO] Epoch=14/40|step=108500|val_acc=0.6303|time=1.14e+02s
06:24:30 [INFO] Epoch=14/40|step=109000|val_acc=0.6234|time=1.14e+02s
06:28:29 [INFO] val_acc=0.6334633815185348
06:31:41 [INFO] Epoch=15/40|step=109500|val_acc=0.6246|time=2.74e+02s
06:36:14 [INFO] Epoch=15/40|step=110000|val_acc=0.6268|time=1.16e+02s
06:40:43 [INFO] Epoch=15/40|step=110500|val_acc=0.6227|time=1.14e+02s
06:45:10 [INFO] Epoch=15/40|step=111000|val_acc=0.6233|time=1.14e+02s
06:49:42 [INFO] Epoch=15/40|step=111500|val_acc=0.6264|time=1.15e+02s
06:54:18 [INFO] Epoch=15/40|step=112000|val_acc=0.6256|time=1.14e+02s
06:58:46 [INFO] Epoch=15/40|step=112500|val_acc=0.6306|time=1.14e+02s
07:03:20 [INFO] Epoch=15/40|step=113000|val_acc=0.6317|time=1.13e+02s
07:07:55 [INFO] Epoch=15/40|step=113500|val_acc=0.6291|time=1.14e+02s
07:12:22 [INFO] Epoch=15/40|step=114000|val_acc= 0.627|time=1.11e+02s
07:17:04 [INFO] Epoch=15/40|step=114500|val_acc=0.6279|time=1.13e+02s
07:21:35 [INFO] Epoch=15/40|step=115000|val_acc=0.6265|time=1.13e+02s
07:26:09 [INFO] Epoch=15/40|step=115500|val_acc=0.6276|time=1.14e+02s
07:30:47 [INFO] Epoch=15/40|step=116000|val_acc=0.6298|time=1.14e+02s
07:35:19 [INFO] Epoch=15/40|step=116500|val_acc=0.6287|time=1.15e+02s
07:39:54 [INFO] Epoch=15/40|step=117000|val_acc=0.6306|time=1.14e+02s
07:43:10 [INFO] val_acc=0.6334633815185348
07:47:06 [INFO] Epoch=16/40|step=117500|val_acc=0.6314|time=2.73e+02s
07:51:43 [INFO] Epoch=16/40|step=118000|val_acc=0.6261|time=1.15e+02s
07:56:14 [INFO] Epoch=16/40|step=118500|val_acc= 0.627|time=1.15e+02s
08:00:48 [INFO] Epoch=16/40|step=119000|val_acc= 0.627|time=1.14e+02s
08:05:16 [INFO] Epoch=16/40|step=119500|val_acc=0.6254|time=1.14e+02s
08:09:46 [INFO] Epoch=16/40|step=120000|val_acc=0.6277|time=1.14e+02s
08:14:19 [INFO] Epoch=16/40|step=120500|val_acc=0.6271|time=1.14e+02s
08:18:50 [INFO] Epoch=16/40|step=121000|val_acc=0.6272|time=1.12e+02s
08:23:23 [INFO] Epoch=16/40|step=121500|val_acc=0.6313|time=1.13e+02s
08:28:02 [INFO] Epoch=16/40|step=122000|val_acc=0.6319|time=1.13e+02s
08:32:36 [INFO] Epoch=16/40|step=122500|val_acc=0.6326|time=1.14e+02s
08:37:10 [INFO] Epoch=16/40|step=123000|val_acc=0.6332|time=1.14e+02s
08:41:41 [INFO] Epoch=16/40|step=123500|val_acc=0.6306|time=1.14e+02s
08:46:13 [INFO] Epoch=16/40|step=124000|val_acc=0.6283|time=1.14e+02s
08:50:47 [INFO] Epoch=16/40|step=124500|val_acc=0.6315|time=1.14e+02s
08:55:17 [INFO] val_acc=0.6334633815185348
08:58:04 [INFO] Epoch=17/40|step=125000|val_acc=0.6321|time=2.77e+02s
09:02:32 [INFO] Epoch=17/40|step=125500|val_acc=0.6308|time=1.14e+02s
09:07:04 [INFO] Epoch=17/40|step=126000|val_acc=0.6313|time=1.15e+02s
09:11:32 [INFO] Epoch=17/40|step=126500|val_acc=0.6322|time=1.14e+02s
09:16:08 [INFO] Epoch=17/40|step=127000|val_acc=0.6285|time=1.15e+02s
09:20:44 [INFO] Epoch=17/40|step=127500|val_acc=0.6234|time=1.13e+02s
09:25:17 [INFO] Epoch=17/40|step=128000|val_acc=0.6297|time=1.14e+02s
09:29:47 [INFO] Epoch=17/40|step=128500|val_acc=0.6329|time=1.14e+02s
09:34:18 [INFO] Epoch=17/40|step=129000|val_acc=0.6298|time=1.14e+02s
09:38:50 [INFO] Epoch=17/40|step=129500|val_acc=0.6258|time=1.13e+02s
09:43:18 [INFO] Epoch=17/40|step=130000|val_acc=0.6297|time=1.15e+02s
09:47:51 [INFO] Epoch=17/40|step=130500|val_acc=0.6322|time=1.11e+02s
09:52:25 [INFO] Epoch=17/40|step=131000|val_acc=0.6302|time=1.14e+02s
09:56:56 [INFO] Epoch=17/40|step=131500|val_acc=  0.63|time=1.15e+02s
10:01:31 [INFO] Epoch=17/40|step=132000|val_acc=0.6308|time=1.14e+02s
10:06:04 [INFO] Epoch=17/40|step=132500|val_acc=0.6314|time=1.14e+02s
10:09:52 [INFO] val_acc=0.6334633815185348
10:13:21 [INFO] Epoch=18/40|step=133000|val_acc= 0.633|time=2.78e+02s
10:17:51 [INFO] Epoch=18/40|step=133500|val_acc=0.6276|time=1.15e+02s
10:22:22 [INFO] Epoch=18/40|step=134000|val_acc=0.6297|time=1.13e+02s
10:27:01 [INFO] Epoch=18/40|step=134500|val_acc=0.6278|time=1.14e+02s
10:31:32 [INFO] Epoch=18/40|step=135000|val_acc=0.6268|time=1.14e+02s
10:36:06 [INFO] Epoch=18/40|step=135500|val_acc=0.6299|time=1.15e+02s
10:40:52 [INFO] Epoch=18/40|step=136000|val_acc=0.6335|time=1.14e+02s|New best_acc=0.6335
10:45:24 [INFO] Epoch=18/40|step=136500|val_acc=0.6293|time=1.14e+02s
10:49:55 [INFO] Epoch=18/40|step=137000|val_acc= 0.632|time=1.13e+02s
10:54:26 [INFO] Epoch=18/40|step=137500|val_acc= 0.632|time=1.14e+02s
10:59:00 [INFO] Epoch=18/40|step=138000|val_acc=0.6294|time=1.15e+02s
11:03:41 [INFO] Epoch=18/40|step=138500|val_acc= 0.634|time=1.14e+02s|New best_acc= 0.634
11:08:23 [INFO] Epoch=18/40|step=139000|val_acc=0.6341|time=1.14e+02s|New best_acc=0.6341
11:12:52 [INFO] Epoch=18/40|step=139500|val_acc=0.6335|time=1.14e+02s
11:17:20 [INFO] Epoch=18/40|step=140000|val_acc=0.6329|time=1.15e+02s
11:21:52 [INFO] Epoch=18/40|step=140500|val_acc= 0.629|time=1.14e+02s
11:24:53 [INFO] val_acc=0.6340930891217136
11:29:07 [INFO] Epoch=19/40|step=141000|val_acc=0.6197|time=2.74e+02s
11:33:47 [INFO] Epoch=19/40|step=141500|val_acc=0.6304|time=1.15e+02s
11:38:23 [INFO] Epoch=19/40|step=142000|val_acc=0.6279|time=1.14e+02s
11:42:58 [INFO] Epoch=19/40|step=142500|val_acc=0.6306|time=1.14e+02s
11:47:30 [INFO] Epoch=19/40|step=143000|val_acc=0.6285|time=1.15e+02s
11:52:03 [INFO] Epoch=19/40|step=143500|val_acc=0.6283|time=1.14e+02s
11:56:33 [INFO] Epoch=19/40|step=144000|val_acc=0.6261|time=1.13e+02s
12:01:04 [INFO] Epoch=19/40|step=144500|val_acc=0.6226|time=1.14e+02s
12:05:35 [INFO] Epoch=19/40|step=145000|val_acc=0.6288|time=1.14e+02s
12:10:03 [INFO] Epoch=19/40|step=145500|val_acc=0.6294|time=1.13e+02s
12:14:38 [INFO] Epoch=19/40|step=146000|val_acc=0.6302|time=1.14e+02s
12:19:10 [INFO] Epoch=19/40|step=146500|val_acc=0.6291|time=1.15e+02s
12:23:44 [INFO] Epoch=19/40|step=147000|val_acc=0.6307|time=1.14e+02s
12:28:09 [INFO] Epoch=19/40|step=147500|val_acc=0.6286|time=1.15e+02s
12:32:47 [INFO] Epoch=19/40|step=148000|val_acc=0.6267|time=1.14e+02s
12:37:11 [INFO] val_acc=0.6340930891217136
12:40:06 [INFO] Epoch=20/40|step=148500|val_acc=0.6326|time=2.85e+02s
12:44:35 [INFO] Epoch=20/40|step=149000|val_acc=0.6289|time=1.14e+02s
12:49:22 [INFO] Epoch=20/40|step=149500|val_acc=0.6332|time=1.15e+02s
12:53:45 [INFO] Epoch=20/40|step=150000|val_acc=0.6247|time=1.12e+02s
12:58:11 [INFO] Epoch=20/40|step=150500|val_acc=0.6286|time=1.13e+02s
13:02:43 [INFO] Epoch=20/40|step=151000|val_acc=0.6276|time=1.15e+02s
13:07:11 [INFO] Epoch=20/40|step=151500|val_acc= 0.625|time=1.13e+02s
13:11:37 [INFO] Epoch=20/40|step=152000|val_acc=0.6296|time=1.13e+02s
13:16:17 [INFO] Epoch=20/40|step=152500|val_acc=0.6247|time=1.14e+02s
13:20:57 [INFO] Epoch=20/40|step=153000|val_acc=0.6299|time=1.15e+02s
13:25:31 [INFO] Epoch=20/40|step=153500|val_acc=0.6309|time=1.14e+02s
13:30:04 [INFO] Epoch=20/40|step=154000|val_acc=0.6312|time=1.14e+02s
13:34:34 [INFO] Epoch=20/40|step=154500|val_acc= 0.629|time=1.14e+02s
13:39:02 [INFO] Epoch=20/40|step=155000|val_acc=0.6315|time=1.14e+02s
13:43:37 [INFO] Epoch=20/40|step=155500|val_acc=0.6314|time=1.14e+02s
13:48:11 [INFO] Epoch=20/40|step=156000|val_acc=0.6303|time=1.15e+02s
13:51:45 [INFO] val_acc=0.6340930891217136
13:55:22 [INFO] Epoch=21/40|step=156500|val_acc=0.6318|time=2.79e+02s
13:59:48 [INFO] Epoch=21/40|step=157000|val_acc=0.6315|time=1.14e+02s
14:04:17 [INFO] Epoch=21/40|step=157500|val_acc=0.6302|time=1.13e+02s
14:08:48 [INFO] Epoch=21/40|step=158000|val_acc=0.6305|time=1.13e+02s
14:13:22 [INFO] Epoch=21/40|step=158500|val_acc=0.6314|time=1.13e+02s
14:17:58 [INFO] Epoch=21/40|step=159000|val_acc=0.6335|time=1.13e+02s
14:22:30 [INFO] Epoch=21/40|step=159500|val_acc=0.6278|time=1.14e+02s
14:27:04 [INFO] Epoch=21/40|step=160000|val_acc=0.6323|time=1.14e+02s
14:31:41 [INFO] Epoch=21/40|step=160500|val_acc= 0.631|time=1.14e+02s
14:36:11 [INFO] Epoch=21/40|step=161000|val_acc=0.6312|time=1.15e+02s
14:40:47 [INFO] Epoch=21/40|step=161500|val_acc=0.6296|time=1.14e+02s
14:45:25 [INFO] Epoch=21/40|step=162000|val_acc=0.6312|time=1.15e+02s
14:49:58 [INFO] Epoch=21/40|step=162500|val_acc=0.6294|time=1.14e+02s
14:54:34 [INFO] Epoch=21/40|step=163000|val_acc=0.6324|time=1.14e+02s
14:59:05 [INFO] Epoch=21/40|step=163500|val_acc=0.6294|time=1.14e+02s
15:03:34 [INFO] Epoch=21/40|step=164000|val_acc=  0.63|time=1.14e+02s
15:06:22 [INFO] val_acc=0.6340930891217136
15:10:44 [INFO] Epoch=22/40|step=164500|val_acc=0.6321|time=2.73e+02s
15:15:22 [INFO] Epoch=22/40|step=165000|val_acc=0.6322|time=1.13e+02s
15:20:01 [INFO] Epoch=22/40|step=165500|val_acc=0.6319|time=1.14e+02s
15:24:36 [INFO] Epoch=22/40|step=166000|val_acc=0.6299|time=1.14e+02s
15:29:05 [INFO] Epoch=22/40|step=166500|val_acc=0.6306|time=1.15e+02s
15:33:38 [INFO] Epoch=22/40|step=167000|val_acc=0.6306|time=1.15e+02s
15:38:09 [INFO] Epoch=22/40|step=167500|val_acc=0.6328|time=1.15e+02s
15:42:56 [INFO] Epoch=22/40|step=168000|val_acc=0.6301|time=1.14e+02s
15:47:42 [INFO] Epoch=22/40|step=168500|val_acc=0.6344|time=1.15e+02s|New best_acc=0.6344
15:52:19 [INFO] Epoch=22/40|step=169000|val_acc=0.6312|time=1.14e+02s
15:56:56 [INFO] Epoch=22/40|step=169500|val_acc=0.6304|time=1.14e+02s
16:01:42 [INFO] Epoch=22/40|step=170000|val_acc=0.6351|time=1.14e+02s|New best_acc=0.6351
16:06:17 [INFO] Epoch=22/40|step=170500|val_acc=0.6327|time=1.14e+02s
16:10:46 [INFO] Epoch=22/40|step=171000|val_acc=0.6318|time=1.15e+02s
16:15:21 [INFO] Epoch=22/40|step=171500|val_acc=0.6324|time=1.15e+02s
16:19:23 [INFO] val_acc=0.6351109435895919
16:22:37 [INFO] Epoch=23/40|step=172000|val_acc=0.6335|time=2.78e+02s
16:27:06 [INFO] Epoch=23/40|step=172500|val_acc=0.6288|time=1.13e+02s
16:31:44 [INFO] Epoch=23/40|step=173000|val_acc=0.6302|time=1.16e+02s
16:36:20 [INFO] Epoch=23/40|step=173500|val_acc=0.6278|time=1.15e+02s
16:40:55 [INFO] Epoch=23/40|step=174000|val_acc=0.6306|time=1.15e+02s
16:45:23 [INFO] Epoch=23/40|step=174500|val_acc=0.6285|time=1.14e+02s
16:49:52 [INFO] Epoch=23/40|step=175000|val_acc=0.6306|time=1.14e+02s
16:54:22 [INFO] Epoch=23/40|step=175500|val_acc=  0.63|time=1.15e+02s
16:58:51 [INFO] Epoch=23/40|step=176000|val_acc=0.6279|time=1.14e+02s
17:03:19 [INFO] Epoch=23/40|step=176500|val_acc=0.6278|time=1.13e+02s
17:07:46 [INFO] Epoch=23/40|step=177000|val_acc=0.6311|time=1.13e+02s
17:12:13 [INFO] Epoch=23/40|step=177500|val_acc= 0.626|time=1.14e+02s
17:16:47 [INFO] Epoch=23/40|step=178000|val_acc=0.6315|time=1.14e+02s
17:21:22 [INFO] Epoch=23/40|step=178500|val_acc=0.6283|time=1.14e+02s
17:25:55 [INFO] Epoch=23/40|step=179000|val_acc= 0.632|time=1.14e+02s
17:30:27 [INFO] Epoch=23/40|step=179500|val_acc= 0.632|time=1.15e+02s
17:33:43 [INFO] val_acc=0.6351109435895919
17:37:49 [INFO] Epoch=24/40|step=180000|val_acc=0.6337|time=2.73e+02s
17:42:19 [INFO] Epoch=24/40|step=180500|val_acc=0.6313|time=1.14e+02s
17:46:46 [INFO] Epoch=24/40|step=181000|val_acc=0.6305|time=1.14e+02s
17:51:10 [INFO] Epoch=24/40|step=181500|val_acc=0.6312|time=1.13e+02s
17:55:34 [INFO] Epoch=24/40|step=182000|val_acc=0.6287|time=1.14e+02s
18:00:12 [INFO] Epoch=24/40|step=182500|val_acc=0.6298|time=1.13e+02s
18:04:44 [INFO] Epoch=24/40|step=183000|val_acc=0.6324|time=1.13e+02s
18:09:19 [INFO] Epoch=24/40|step=183500|val_acc=0.6278|time=1.14e+02s
18:13:41 [INFO] Epoch=24/40|step=184000|val_acc=0.6302|time=1.14e+02s
18:18:13 [INFO] Epoch=24/40|step=184500|val_acc=0.6308|time=1.13e+02s
18:22:41 [INFO] Epoch=24/40|step=185000|val_acc=0.6307|time=1.14e+02s
18:27:14 [INFO] Epoch=24/40|step=185500|val_acc=0.6311|time=1.15e+02s
18:31:46 [INFO] Epoch=24/40|step=186000|val_acc=0.6268|time=1.15e+02s
18:36:15 [INFO] Epoch=24/40|step=186500|val_acc=0.6306|time=1.14e+02s
18:40:50 [INFO] Epoch=24/40|step=187000|val_acc= 0.632|time=1.14e+02s
18:45:15 [INFO] val_acc=0.6351109435895919
18:48:07 [INFO] Epoch=25/40|step=187500|val_acc=0.6351|time=2.72e+02s|New best_acc=0.6351
18:52:39 [INFO] Epoch=25/40|step=188000|val_acc=0.6316|time=1.14e+02s
18:57:14 [INFO] Epoch=25/40|step=188500|val_acc=0.6297|time=1.13e+02s
19:01:44 [INFO] Epoch=25/40|step=189000|val_acc=0.6282|time=1.14e+02s
19:06:21 [INFO] Epoch=25/40|step=189500|val_acc=0.6295|time=1.13e+02s
19:10:47 [INFO] Epoch=25/40|step=190000|val_acc=0.6306|time=1.14e+02s
19:15:20 [INFO] Epoch=25/40|step=190500|val_acc=0.6318|time=1.14e+02s
19:19:53 [INFO] Epoch=25/40|step=191000|val_acc= 0.631|time=1.15e+02s
19:24:26 [INFO] Epoch=25/40|step=191500|val_acc=0.6302|time=1.15e+02s
19:28:58 [INFO] Epoch=25/40|step=192000|val_acc=0.6309|time=1.14e+02s
19:33:25 [INFO] Epoch=25/40|step=192500|val_acc=0.6309|time=1.15e+02s
19:37:55 [INFO] Epoch=25/40|step=193000|val_acc=0.6299|time=1.14e+02s
19:42:28 [INFO] Epoch=25/40|step=193500|val_acc=0.6307|time=1.14e+02s
19:47:11 [INFO] Epoch=25/40|step=194000|val_acc=0.6333|time=1.15e+02s
19:51:43 [INFO] Epoch=25/40|step=194500|val_acc=0.6334|time=1.13e+02s
19:56:10 [INFO] Epoch=25/40|step=195000|val_acc= 0.632|time=1.14e+02s
19:59:54 [INFO] val_acc=0.6351303851892499
20:03:21 [INFO] Epoch=26/40|step=195500|val_acc=0.6343|time=2.74e+02s
20:07:56 [INFO] Epoch=26/40|step=196000|val_acc=0.6312|time=1.15e+02s
20:12:29 [INFO] Epoch=26/40|step=196500|val_acc=0.6316|time=1.15e+02s
20:16:43 [INFO] Epoch=26/40|step=197000|val_acc=0.6317|time=1.13e+02s
20:20:56 [INFO] Epoch=26/40|step=197500|val_acc=0.6317|time=1.12e+02s
20:25:06 [INFO] Epoch=26/40|step=198000|val_acc= 0.632|time=1.1e+02s
20:29:19 [INFO] Epoch=26/40|step=198500|val_acc=0.6286|time=1.12e+02s
20:33:34 [INFO] Epoch=26/40|step=199000|val_acc=0.6314|time=1.13e+02s
20:37:45 [INFO] Epoch=26/40|step=199500|val_acc=0.6323|time=1.11e+02s
20:41:57 [INFO] Epoch=26/40|step=200000|val_acc=0.6311|time=1.12e+02s
20:46:18 [INFO] Epoch=26/40|step=200500|val_acc=0.6294|time=1.11e+02s
20:50:31 [INFO] Epoch=26/40|step=201000|val_acc=0.6302|time=1.12e+02s
20:54:42 [INFO] Epoch=26/40|step=201500|val_acc=0.6313|time=1.1e+02s
20:58:55 [INFO] Epoch=26/40|step=202000|val_acc=0.6313|time=1.12e+02s
21:03:08 [INFO] Epoch=26/40|step=202500|val_acc=0.6346|time=1.12e+02s
21:07:19 [INFO] Epoch=26/40|step=203000|val_acc=0.6325|time=1.11e+02s
21:10:16 [INFO] val_acc=0.6351303851892499
21:14:09 [INFO] Epoch=27/40|step=203500|val_acc=0.6328|time=2.69e+02s
21:18:21 [INFO] Epoch=27/40|step=204000|val_acc=0.6313|time=1.1e+02s
21:22:30 [INFO] Epoch=27/40|step=204500|val_acc=0.6315|time=1.1e+02s
21:26:41 [INFO] Epoch=27/40|step=205000|val_acc=0.6338|time=1.1e+02s
21:31:07 [INFO] Epoch=27/40|step=205500|val_acc=0.6355|time=1.1e+02s|New best_acc=0.6355
21:35:18 [INFO] Epoch=27/40|step=206000|val_acc=0.6333|time=1.1e+02s
21:39:29 [INFO] Epoch=27/40|step=206500|val_acc=0.6309|time=1.1e+02s
21:43:41 [INFO] Epoch=27/40|step=207000|val_acc= 0.631|time=1.1e+02s
21:47:49 [INFO] Epoch=27/40|step=207500|val_acc=0.6341|time=1.1e+02s
21:51:59 [INFO] Epoch=27/40|step=208000|val_acc=0.6333|time=1.1e+02s
21:56:13 [INFO] Epoch=27/40|step=208500|val_acc=0.6317|time=1.1e+02s
22:01:24 [INFO] Epoch=27/40|step=209000|val_acc=0.6334|time=1.12e+02s
22:06:25 [INFO] Epoch=27/40|step=209500|val_acc=0.6332|time=1.18e+02s
22:11:28 [INFO] Epoch=27/40|step=210000|val_acc=0.6343|time=1.18e+02s
22:16:33 [INFO] Epoch=27/40|step=210500|val_acc=0.6338|time=1.18e+02s
22:21:09 [INFO] val_acc=0.6354528794257917
22:24:33 [INFO] Epoch=28/40|step=211000|val_acc= 0.633|time=2.99e+02s
22:29:21 [INFO] Epoch=28/40|step=211500|val_acc=0.6312|time=1.18e+02s
22:34:04 [INFO] Epoch=28/40|step=212000|val_acc=0.6328|time=1.17e+02s
22:38:47 [INFO] Epoch=28/40|step=212500|val_acc=0.6326|time=1.15e+02s
22:43:33 [INFO] Epoch=28/40|step=213000|val_acc=0.6293|time=1.17e+02s
22:48:21 [INFO] Epoch=28/40|step=213500|val_acc=0.6304|time=1.17e+02s
22:53:11 [INFO] Epoch=28/40|step=214000|val_acc=0.6315|time=1.16e+02s
22:58:01 [INFO] Epoch=28/40|step=214500|val_acc=0.6323|time=1.16e+02s
23:02:44 [INFO] Epoch=28/40|step=215000|val_acc=0.6331|time=1.17e+02s
23:07:38 [INFO] Epoch=28/40|step=215500|val_acc=0.6319|time=1.17e+02s
23:12:27 [INFO] Epoch=28/40|step=216000|val_acc= 0.632|time=1.17e+02s
23:17:15 [INFO] Epoch=28/40|step=216500|val_acc=0.6328|time=1.18e+02s
23:22:00 [INFO] Epoch=28/40|step=217000|val_acc=0.6323|time=1.17e+02s
23:27:11 [INFO] Epoch=28/40|step=217500|val_acc=0.6332|time=1.18e+02s
23:32:21 [INFO] Epoch=28/40|step=218000|val_acc=0.6285|time=1.18e+02s
23:37:20 [INFO] Epoch=28/40|step=218500|val_acc= 0.633|time=1.19e+02s
23:41:14 [INFO] val_acc=0.6354528794257917
23:45:24 [INFO] Epoch=29/40|step=219000|val_acc=0.6352|time=3.01e+02s
23:50:18 [INFO] Epoch=29/40|step=219500|val_acc=0.6332|time=1.19e+02s
