07:41:47 [INFO] Start
07:41:47 [INFO] ==================================================================
07:41:47 [INFO] Config - pretrain:
# Pretrain file num
PRETRAIN_FILE_NUM = 20
LOAD_DATA_TYPE = 'mem'#'fluid'
# Training params
NUM_FOLDS = 1
SEED = 2021
BATCH_SIZE = 128
NUM_EPOCHS = 40
WARMUP_RATIO = 0.06
REINIT_LAYER = 0
WEIGHT_DECAY = 0.01
LR = {'others':5e-4, 'roberta':5e-5, 'newfc_videoreg':5e-4}
LR_LAYER_DECAY = 1.0
PRETRAIN_TASK = ['tag', 'mlm', 'mfm']
07:41:47 [INFO] ==================================================================
07:41:47 [INFO] Config - model:
MODEL_TYPE = 'uni'#'all', 'cross', 'frame', 'bi', 'uni'

MODEL_CONFIG = {
    'INPUT_SIZE': 1792,
    'HIDDEN_SIZE': 256,
    'NUM_CLASSES': 10000,
    'FEATURE_SIZE': 1536,
    'OUTPUT_SIZE': 1024,
    'EXPANSION_SIZE': 2,
    'CLUSTER_SIZE': 64,
    'NUM_GROUPS': 8,
    'DROPOUT_PROB': 0.2,
}

BERT_CFG_DICT = {}
BERT_CFG_DICT['uni'] = {
    'hidden_size':768,
    'num_hidden_layers':6,
    'num_attention_heads':12,
    'intermediate_size':3072,
    'hidden_dropout_prob':0.0,
    'attention_probs_dropout_prob':0.0
}
07:41:47 [INFO] ==================================================================
07:41:47 [INFO] Config - data:
DATA_PATH = '../input/data'
BERT_PATH = '../input/pretrain-model/roberta-wwm-large'

DESC = {
    'tag_id':"int",
    'id': 'byte',
    'category_id': 'int',
    'title': 'byte',
    'asr_text': 'byte',
    'frame_feature': 'bytes'
}

DESC_NOTAG = {
    'id': 'byte',
    'title': 'byte',
    'asr_text': 'byte',
    'frame_feature': 'bytes'
}
07:41:47 [INFO] Model_type = uni
07:41:47 [INFO] ==================================================================
07:41:47 [INFO] Fold=1/1 seed=2021
07:41:47 [INFO] Load data into memory
07:48:31 [INFO] Dataset used memory = 56.2GB
07:48:31 [INFO] Total train steps=312500, warmup steps=18750
07:51:03 [INFO] Epoch=1/40|step= 20|val_acc=2.014e-06|time=8.48s|New best_acc=2.014e-06
07:54:53 [INFO] Epoch=1/40|step=500|val_acc=0.00397|time=1.07e+02s|New best_acc=0.00397
07:58:40 [INFO] Epoch=1/40|step=1000|val_acc=0.007454|time=1.1e+02s|New best_acc=0.007454
08:02:25 [INFO] Epoch=1/40|step=1500|val_acc=0.01887|time=1.1e+02s|New best_acc=0.01887
08:06:12 [INFO] Epoch=1/40|step=2000|val_acc=0.04494|time=1.1e+02s|New best_acc=0.04494
08:09:57 [INFO] Epoch=1/40|step=2500|val_acc=0.09043|time=1.1e+02s|New best_acc=0.09043
08:13:46 [INFO] Epoch=1/40|step=3000|val_acc=0.1269|time=1.09e+02s|New best_acc=0.1269
08:17:31 [INFO] Epoch=1/40|step=3500|val_acc=0.1426|time=1.1e+02s|New best_acc=0.1426
08:21:20 [INFO] Epoch=1/40|step=4000|val_acc=0.1681|time=1.1e+02s|New best_acc=0.1681
08:25:04 [INFO] Epoch=1/40|step=4500|val_acc=0.1957|time=1.1e+02s|New best_acc=0.1957
08:28:53 [INFO] Epoch=1/40|step=5000|val_acc=0.2204|time=1.1e+02s|New best_acc=0.2204
08:32:42 [INFO] Epoch=1/40|step=5500|val_acc=0.2492|time=1.1e+02s|New best_acc=0.2492
08:36:31 [INFO] Epoch=1/40|step=6000|val_acc=0.2687|time=1.09e+02s|New best_acc=0.2687
08:40:18 [INFO] Epoch=1/40|step=6500|val_acc=0.2938|time=1.09e+02s|New best_acc=0.2938
08:44:06 [INFO] Epoch=1/40|step=7000|val_acc=0.3103|time=1.1e+02s|New best_acc=0.3103
08:47:52 [INFO] Epoch=1/40|step=7500|val_acc=0.3244|time=1.1e+02s|New best_acc=0.3244
08:50:49 [INFO] val_acc=0.3243691486011388
08:53:32 [INFO] Epoch=2/40|step=8000|val_acc= 0.336|time=2.22e+02s|New best_acc= 0.336
08:57:40 [INFO] Epoch=2/40|step=8500|val_acc=0.3516|time=1.09e+02s|New best_acc=0.3516
09:01:29 [INFO] Epoch=2/40|step=9000|val_acc=0.3716|time=1.11e+02s|New best_acc=0.3716
09:05:22 [INFO] Epoch=2/40|step=9500|val_acc=0.3841|time=1.11e+02s|New best_acc=0.3841
09:09:10 [INFO] Epoch=2/40|step=10000|val_acc=0.4003|time=1.11e+02s|New best_acc=0.4003
09:13:08 [INFO] Epoch=2/40|step=10500|val_acc=0.4114|time=1.12e+02s|New best_acc=0.4114
09:16:57 [INFO] Epoch=2/40|step=11000|val_acc=0.4259|time=1.12e+02s|New best_acc=0.4259
09:20:46 [INFO] Epoch=2/40|step=11500|val_acc=0.4372|time=1.1e+02s|New best_acc=0.4372
09:24:24 [INFO] Epoch=2/40|step=12000|val_acc=0.4358|time=1.1e+02s
09:28:13 [INFO] Epoch=2/40|step=12500|val_acc=0.4403|time=1.12e+02s|New best_acc=0.4403
09:32:03 [INFO] Epoch=2/40|step=13000|val_acc=0.4453|time=1.12e+02s|New best_acc=0.4453
09:35:51 [INFO] Epoch=2/40|step=13500|val_acc=0.4659|time=1.11e+02s|New best_acc=0.4659
09:39:53 [INFO] Epoch=2/40|step=14000|val_acc=0.4633|time=1.12e+02s
09:43:42 [INFO] Epoch=2/40|step=14500|val_acc= 0.467|time=1.11e+02s|New best_acc= 0.467
09:47:30 [INFO] Epoch=2/40|step=15000|val_acc= 0.471|time=1.12e+02s|New best_acc= 0.471
09:51:18 [INFO] Epoch=2/40|step=15500|val_acc=0.4807|time=1.1e+02s|New best_acc=0.4807
09:53:35 [INFO] val_acc=0.4806501215347995
09:57:00 [INFO] Epoch=3/40|step=16000|val_acc=0.4848|time=2.25e+02s|New best_acc=0.4848
10:00:50 [INFO] Epoch=3/40|step=16500|val_acc= 0.487|time=1.1e+02s|New best_acc= 0.487
10:04:44 [INFO] Epoch=3/40|step=17000|val_acc=0.4949|time=1.11e+02s|New best_acc=0.4949
10:08:36 [INFO] Epoch=3/40|step=17500|val_acc=0.4999|time=1.12e+02s|New best_acc=0.4999
10:12:12 [INFO] Epoch=3/40|step=18000|val_acc=0.4975|time=1.1e+02s
10:16:00 [INFO] Epoch=3/40|step=18500|val_acc=0.5054|time=1.1e+02s|New best_acc=0.5054
10:19:35 [INFO] Epoch=3/40|step=19000|val_acc=0.5025|time=1.09e+02s
10:23:23 [INFO] Epoch=3/40|step=19500|val_acc=0.5076|time=1.09e+02s|New best_acc=0.5076
10:27:11 [INFO] Epoch=3/40|step=20000|val_acc=0.5115|time=1.09e+02s|New best_acc=0.5115
10:30:59 [INFO] Epoch=3/40|step=20500|val_acc=0.5161|time=1.09e+02s|New best_acc=0.5161
10:34:48 [INFO] Epoch=3/40|step=21000|val_acc=0.5167|time=1.09e+02s|New best_acc=0.5167
10:38:35 [INFO] Epoch=3/40|step=21500|val_acc=0.5228|time=1.09e+02s|New best_acc=0.5228
10:42:22 [INFO] Epoch=3/40|step=22000|val_acc=0.5249|time=1.09e+02s|New best_acc=0.5249
10:46:09 [INFO] Epoch=3/40|step=22500|val_acc=0.5275|time=1.09e+02s|New best_acc=0.5275
10:49:56 [INFO] Epoch=3/40|step=23000|val_acc=0.5324|time=1.09e+02s|New best_acc=0.5324
10:53:22 [INFO] val_acc=0.5323633119219443
10:55:29 [INFO] Epoch=4/40|step=23500|val_acc=0.5323|time=2.25e+02s
10:59:28 [INFO] Epoch=4/40|step=24000|val_acc=0.5346|time=1.09e+02s|New best_acc=0.5346
11:03:10 [INFO] Epoch=4/40|step=24500|val_acc=0.5261|time=1.14e+02s
11:07:00 [INFO] Epoch=4/40|step=25000|val_acc=0.5377|time=1.11e+02s|New best_acc=0.5377
11:10:51 [INFO] Epoch=4/40|step=25500|val_acc=0.5383|time=1.12e+02s|New best_acc=0.5383
11:14:31 [INFO] Epoch=4/40|step=26000|val_acc=0.5324|time=1.14e+02s
11:18:30 [INFO] Epoch=4/40|step=26500|val_acc=0.5375|time=1.12e+02s
11:22:20 [INFO] Epoch=4/40|step=27000|val_acc=0.5396|time=1.12e+02s|New best_acc=0.5396
11:26:12 [INFO] Epoch=4/40|step=27500|val_acc=0.5443|time=1.13e+02s|New best_acc=0.5443
11:29:50 [INFO] Epoch=4/40|step=28000|val_acc=0.5411|time=1.12e+02s
11:33:30 [INFO] Epoch=4/40|step=28500|val_acc=0.5424|time=1.13e+02s
11:37:12 [INFO] Epoch=4/40|step=29000|val_acc=0.5426|time=1.14e+02s
11:41:01 [INFO] Epoch=4/40|step=29500|val_acc= 0.549|time=1.11e+02s|New best_acc= 0.549
11:45:01 [INFO] Epoch=4/40|step=30000|val_acc=0.5501|time=1.12e+02s|New best_acc=0.5501
11:49:15 [INFO] Epoch=4/40|step=30500|val_acc=0.5539|time=1.12e+02s|New best_acc=0.5539
11:53:18 [INFO] Epoch=4/40|step=31000|val_acc= 0.543|time=1.11e+02s
11:56:05 [INFO] val_acc=0.5538784284083199
11:59:05 [INFO] Epoch=5/40|step=31500|val_acc=0.5543|time=2.28e+02s|New best_acc=0.5543
12:02:43 [INFO] Epoch=5/40|step=32000|val_acc=0.5404|time=1.1e+02s
12:06:20 [INFO] Epoch=5/40|step=32500|val_acc=0.5451|time=1.1e+02s
12:09:57 [INFO] Epoch=5/40|step=33000|val_acc=0.5486|time=1.1e+02s
12:13:33 [INFO] Epoch=5/40|step=33500|val_acc= 0.554|time=1.09e+02s
12:17:09 [INFO] Epoch=5/40|step=34000|val_acc=0.5507|time=1.09e+02s
12:20:44 [INFO] Epoch=5/40|step=34500|val_acc=0.5517|time=1.09e+02s
12:24:21 [INFO] Epoch=5/40|step=35000|val_acc=0.5479|time=1.09e+02s
12:28:08 [INFO] Epoch=5/40|step=35500|val_acc=0.5554|time=1.09e+02s|New best_acc=0.5554
12:31:55 [INFO] Epoch=5/40|step=36000|val_acc=0.5563|time=1.1e+02s|New best_acc=0.5563
12:35:31 [INFO] Epoch=5/40|step=36500|val_acc=0.5544|time=1.09e+02s
12:39:18 [INFO] Epoch=5/40|step=37000|val_acc=0.5583|time=1.1e+02s|New best_acc=0.5583
12:43:06 [INFO] Epoch=5/40|step=37500|val_acc=0.5618|time=1.09e+02s|New best_acc=0.5618
12:46:53 [INFO] Epoch=5/40|step=38000|val_acc=0.5623|time=1.09e+02s|New best_acc=0.5623
12:50:29 [INFO] Epoch=5/40|step=38500|val_acc=0.5617|time=1.09e+02s
12:54:05 [INFO] Epoch=5/40|step=39000|val_acc=0.5607|time=1.09e+02s
12:56:08 [INFO] val_acc=0.5623001769393863
12:59:38 [INFO] Epoch=6/40|step=39500|val_acc=0.5501|time=2.25e+02s
13:03:32 [INFO] Epoch=6/40|step=40000|val_acc=0.5582|time=1.09e+02s
13:07:23 [INFO] Epoch=6/40|step=40500|val_acc=0.5626|time=1.12e+02s|New best_acc=0.5626
13:11:01 [INFO] Epoch=6/40|step=41000|val_acc=0.5538|time=1.11e+02s
13:14:40 [INFO] Epoch=6/40|step=41500|val_acc=0.5589|time=1.12e+02s
13:18:37 [INFO] Epoch=6/40|step=42000|val_acc=0.5643|time=1.12e+02s|New best_acc=0.5643
13:22:29 [INFO] Epoch=6/40|step=42500|val_acc=0.5585|time=1.11e+02s
13:26:08 [INFO] Epoch=6/40|step=43000|val_acc=0.5576|time=1.13e+02s
13:29:57 [INFO] Epoch=6/40|step=43500|val_acc=0.5655|time=1.11e+02s|New best_acc=0.5655
13:33:37 [INFO] Epoch=6/40|step=44000|val_acc=0.5563|time=1.11e+02s
13:37:15 [INFO] Epoch=6/40|step=44500|val_acc=0.5583|time=1.12e+02s
13:40:54 [INFO] Epoch=6/40|step=45000|val_acc=0.5646|time=1.12e+02s
13:44:33 [INFO] Epoch=6/40|step=45500|val_acc=0.5642|time=1.13e+02s
13:48:13 [INFO] Epoch=6/40|step=46000|val_acc=0.5638|time=1.13e+02s
13:52:03 [INFO] Epoch=6/40|step=46500|val_acc=0.5669|time=1.13e+02s|New best_acc=0.5669
13:55:15 [INFO] val_acc=0.5669471337706485
13:57:46 [INFO] Epoch=7/40|step=47000|val_acc=0.5675|time=2.25e+02s|New best_acc=0.5675
14:01:26 [INFO] Epoch=7/40|step=47500|val_acc=0.5583|time=1.1e+02s
14:05:03 [INFO] Epoch=7/40|step=48000|val_acc=0.5636|time=1.1e+02s
14:08:39 [INFO] Epoch=7/40|step=48500|val_acc=0.5633|time=1.1e+02s
14:12:15 [INFO] Epoch=7/40|step=49000|val_acc=0.5642|time=1.1e+02s
14:15:50 [INFO] Epoch=7/40|step=49500|val_acc=0.5622|time=1.1e+02s
14:19:26 [INFO] Epoch=7/40|step=50000|val_acc=0.5638|time=1.09e+02s
14:23:02 [INFO] Epoch=7/40|step=50500|val_acc=0.5666|time=1.09e+02s
14:26:37 [INFO] Epoch=7/40|step=51000|val_acc=0.5654|time=1.09e+02s
14:30:12 [INFO] Epoch=7/40|step=51500|val_acc= 0.566|time=1.09e+02s
14:34:01 [INFO] Epoch=7/40|step=52000|val_acc=0.5683|time=1.09e+02s|New best_acc=0.5683
14:37:37 [INFO] Epoch=7/40|step=52500|val_acc=0.5654|time=1.1e+02s
14:41:25 [INFO] Epoch=7/40|step=53000|val_acc=0.5692|time=1.1e+02s|New best_acc=0.5692
14:45:01 [INFO] Epoch=7/40|step=53500|val_acc=0.5663|time=1.1e+02s
14:48:48 [INFO] Epoch=7/40|step=54000|val_acc=0.5713|time=1.1e+02s|New best_acc=0.5713
14:52:25 [INFO] Epoch=7/40|step=54500|val_acc=0.5679|time=1.09e+02s
14:54:54 [INFO] val_acc=0.5713288954664569
14:57:58 [INFO] Epoch=8/40|step=55000|val_acc=0.5655|time=2.24e+02s
15:01:55 [INFO] Epoch=8/40|step=55500|val_acc=0.5628|time=1.1e+02s
15:05:58 [INFO] Epoch=8/40|step=56000|val_acc=0.5672|time=1.1e+02s
15:09:37 [INFO] Epoch=8/40|step=56500|val_acc=0.5653|time=1.1e+02s
15:13:27 [INFO] Epoch=8/40|step=57000|val_acc=0.5639|time=1.12e+02s
15:17:06 [INFO] Epoch=8/40|step=57500|val_acc=0.5646|time=1.11e+02s
15:20:46 [INFO] Epoch=8/40|step=58000|val_acc=0.5703|time=1.12e+02s
15:24:27 [INFO] Epoch=8/40|step=58500|val_acc=0.5653|time=1.13e+02s
15:28:18 [INFO] Epoch=8/40|step=59000|val_acc=0.5697|time=1.12e+02s
15:31:56 [INFO] Epoch=8/40|step=59500|val_acc=0.5701|time=1.1e+02s
15:35:53 [INFO] Epoch=8/40|step=60000|val_acc=0.5699|time=1.13e+02s
15:39:43 [INFO] Epoch=8/40|step=60500|val_acc=0.5694|time=1.11e+02s
15:43:31 [INFO] Epoch=8/40|step=61000|val_acc=0.5738|time=1.09e+02s|New best_acc=0.5738
15:47:15 [INFO] Epoch=8/40|step=61500|val_acc= 0.568|time=1.16e+02s
15:50:53 [INFO] Epoch=8/40|step=62000|val_acc=0.5705|time=1.12e+02s
15:54:35 [INFO] val_acc=0.573841861015549
15:56:28 [INFO] Epoch=9/40|step=62500|val_acc=0.5732|time=2.28e+02s
16:00:15 [INFO] Epoch=9/40|step=63000|val_acc=0.5662|time=1.1e+02s
16:03:53 [INFO] Epoch=9/40|step=63500|val_acc=0.5651|time=1.11e+02s
16:07:30 [INFO] Epoch=9/40|step=64000|val_acc=0.5652|time=1.1e+02s
16:11:07 [INFO] Epoch=9/40|step=64500|val_acc=0.5664|time=1.1e+02s
16:14:45 [INFO] Epoch=9/40|step=65000|val_acc=0.5629|time=1.1e+02s
16:18:21 [INFO] Epoch=9/40|step=65500|val_acc=0.5638|time=1.09e+02s
16:21:57 [INFO] Epoch=9/40|step=66000|val_acc= 0.568|time=1.09e+02s
16:25:32 [INFO] Epoch=9/40|step=66500|val_acc=0.5701|time=1.09e+02s
16:29:08 [INFO] Epoch=9/40|step=67000|val_acc=0.5675|time=1.09e+02s
16:32:44 [INFO] Epoch=9/40|step=67500|val_acc=0.5655|time=1.09e+02s
16:36:25 [INFO] Epoch=9/40|step=68000|val_acc=0.5657|time=1.09e+02s
16:40:00 [INFO] Epoch=9/40|step=68500|val_acc=0.5667|time=1.09e+02s
16:43:36 [INFO] Epoch=9/40|step=69000|val_acc=0.5647|time=1.09e+02s
16:47:11 [INFO] Epoch=9/40|step=69500|val_acc=0.5704|time=1.09e+02s
16:50:46 [INFO] Epoch=9/40|step=70000|val_acc=0.5668|time=1.09e+02s
16:53:43 [INFO] val_acc=0.573841861015549
16:56:16 [INFO] Epoch=10/40|step=70500|val_acc=0.5655|time=2.24e+02s
16:59:51 [INFO] Epoch=10/40|step=71000|val_acc=0.5674|time=1.09e+02s
17:03:29 [INFO] Epoch=10/40|step=71500|val_acc=0.5648|time=1.09e+02s
17:07:09 [INFO] Epoch=10/40|step=72000|val_acc= 0.566|time=1.09e+02s
17:10:51 [INFO] Epoch=10/40|step=72500|val_acc=0.5626|time=1.11e+02s
17:14:40 [INFO] Epoch=10/40|step=73000|val_acc=0.5664|time=1.09e+02s
17:18:18 [INFO] Epoch=10/40|step=73500|val_acc=0.5619|time=1.1e+02s
17:21:59 [INFO] Epoch=10/40|step=74000|val_acc= 0.566|time=1.13e+02s
17:25:44 [INFO] Epoch=10/40|step=74500|val_acc= 0.566|time=1.12e+02s
17:29:30 [INFO] Epoch=10/40|step=75000|val_acc=0.5655|time=1.11e+02s
17:33:14 [INFO] Epoch=10/40|step=75500|val_acc=0.5703|time=1.12e+02s
17:36:53 [INFO] Epoch=10/40|step=76000|val_acc=0.5724|time=1.12e+02s
17:40:35 [INFO] Epoch=10/40|step=76500|val_acc=0.5673|time=1.14e+02s
17:44:41 [INFO] Epoch=10/40|step=77000|val_acc=0.5722|time=1.14e+02s
17:48:47 [INFO] Epoch=10/40|step=77500|val_acc= 0.563|time=1.11e+02s
17:52:25 [INFO] Epoch=10/40|step=78000|val_acc=0.5692|time=1.11e+02s
17:54:42 [INFO] val_acc=0.573841861015549
17:58:08 [INFO] Epoch=11/40|step=78500|val_acc=0.5649|time=2.26e+02s
18:01:47 [INFO] Epoch=11/40|step=79000|val_acc=0.5685|time=1.1e+02s
18:05:24 [INFO] Epoch=11/40|step=79500|val_acc=0.5687|time=1.1e+02s
18:09:01 [INFO] Epoch=11/40|step=80000|val_acc=0.5643|time=1.09e+02s
18:12:38 [INFO] Epoch=11/40|step=80500|val_acc=0.5669|time=1.09e+02s
18:16:15 [INFO] Epoch=11/40|step=81000|val_acc=0.5676|time=1.09e+02s
18:19:51 [INFO] Epoch=11/40|step=81500|val_acc= 0.572|time=1.09e+02s
18:23:28 [INFO] Epoch=11/40|step=82000|val_acc=0.5672|time=1.09e+02s
18:27:04 [INFO] Epoch=11/40|step=82500|val_acc= 0.564|time=1.09e+02s
18:30:40 [INFO] Epoch=11/40|step=83000|val_acc=0.5669|time=1.09e+02s
18:34:16 [INFO] Epoch=11/40|step=83500|val_acc=0.5664|time=1.09e+02s
18:37:50 [INFO] Epoch=11/40|step=84000|val_acc=0.5733|time=1.09e+02s
18:41:27 [INFO] Epoch=11/40|step=84500|val_acc= 0.572|time=1.09e+02s
18:45:03 [INFO] Epoch=11/40|step=85000|val_acc=0.5727|time=1.09e+02s
18:48:40 [INFO] Epoch=11/40|step=85500|val_acc=0.5679|time=1.09e+02s
18:52:04 [INFO] val_acc=0.573841861015549
18:54:11 [INFO] Epoch=12/40|step=86000|val_acc=0.5666|time=2.25e+02s
18:57:50 [INFO] Epoch=12/40|step=86500|val_acc=0.5641|time=1.09e+02s
19:01:28 [INFO] Epoch=12/40|step=87000|val_acc=0.5693|time=1.09e+02s
19:05:06 [INFO] Epoch=12/40|step=87500|val_acc=0.5687|time=1.1e+02s
19:09:03 [INFO] Epoch=12/40|step=88000|val_acc=0.5662|time=1.09e+02s
19:12:44 [INFO] Epoch=12/40|step=88500|val_acc=0.5687|time=1.12e+02s
19:16:23 [INFO] Epoch=12/40|step=89000|val_acc=0.5707|time=1.11e+02s
19:20:02 [INFO] Epoch=12/40|step=89500|val_acc=0.5683|time=1.13e+02s
19:23:42 [INFO] Epoch=12/40|step=90000|val_acc=0.5642|time=1.12e+02s
19:27:21 [INFO] Epoch=12/40|step=90500|val_acc=0.5667|time=1.12e+02s
19:31:26 [INFO] Epoch=12/40|step=91000|val_acc=0.5714|time=1.13e+02s
19:35:06 [INFO] Epoch=12/40|step=91500|val_acc=0.5663|time=1.13e+02s
19:38:48 [INFO] Epoch=12/40|step=92000|val_acc=0.5676|time=1.13e+02s
19:42:40 [INFO] Epoch=12/40|step=92500|val_acc=0.5741|time=1.13e+02s|New best_acc=0.5741
19:46:40 [INFO] Epoch=12/40|step=93000|val_acc=0.5722|time=1.12e+02s
19:50:29 [INFO] Epoch=12/40|step=93500|val_acc=0.5688|time=1.13e+02s
19:53:16 [INFO] val_acc=0.5740901981847482
19:56:05 [INFO] Epoch=13/40|step=94000|val_acc=0.5686|time=2.29e+02s
19:59:45 [INFO] Epoch=13/40|step=94500|val_acc=0.5697|time=1.1e+02s
20:03:22 [INFO] Epoch=13/40|step=95000|val_acc=0.5686|time=1.1e+02s
20:07:00 [INFO] Epoch=13/40|step=95500|val_acc=0.5625|time=1.09e+02s
20:10:36 [INFO] Epoch=13/40|step=96000|val_acc=0.5616|time=1.09e+02s
20:14:13 [INFO] Epoch=13/40|step=96500|val_acc=0.5679|time=1.1e+02s
20:17:49 [INFO] Epoch=13/40|step=97000|val_acc=0.5662|time=1.09e+02s
20:21:24 [INFO] Epoch=13/40|step=97500|val_acc=0.5625|time=1.09e+02s
20:25:01 [INFO] Epoch=13/40|step=98000|val_acc= 0.567|time=1.09e+02s
20:28:36 [INFO] Epoch=13/40|step=98500|val_acc=0.5685|time=1.09e+02s
20:32:13 [INFO] Epoch=13/40|step=99000|val_acc=0.5668|time=1.09e+02s
20:35:49 [INFO] Epoch=13/40|step=99500|val_acc=0.5715|time=1.09e+02s
20:39:28 [INFO] Epoch=13/40|step=100000|val_acc=0.5718|time=1.09e+02s
20:43:06 [INFO] Epoch=13/40|step=100500|val_acc=0.5701|time=1.09e+02s
20:46:42 [INFO] Epoch=13/40|step=101000|val_acc=0.5702|time=1.09e+02s
20:50:19 [INFO] Epoch=13/40|step=101500|val_acc=0.5716|time=1.09e+02s
20:52:21 [INFO] val_acc=0.5740901981847482
20:55:49 [INFO] Epoch=14/40|step=102000|val_acc=0.5678|time=2.24e+02s
20:59:28 [INFO] Epoch=14/40|step=102500|val_acc=0.5662|time=1.1e+02s
21:03:17 [INFO] Epoch=14/40|step=103000|val_acc=0.5652|time=1.09e+02s
21:06:56 [INFO] Epoch=14/40|step=103500|val_acc=0.5652|time=1.11e+02s
21:10:35 [INFO] Epoch=14/40|step=104000|val_acc=0.5689|time=1.12e+02s
21:14:31 [INFO] Epoch=14/40|step=104500|val_acc=0.5633|time=1.12e+02s
21:18:14 [INFO] Epoch=14/40|step=105000|val_acc=0.5687|time=1.12e+02s
21:21:55 [INFO] Epoch=14/40|step=105500|val_acc=0.5709|time=1.13e+02s
21:25:47 [INFO] Epoch=14/40|step=106000|val_acc=0.5685|time=1.12e+02s
21:29:28 [INFO] Epoch=14/40|step=106500|val_acc=0.5685|time=1.13e+02s
21:33:06 [INFO] Epoch=14/40|step=107000|val_acc=0.5701|time=1.12e+02s
21:36:45 [INFO] Epoch=14/40|step=107500|val_acc=0.5707|time=1.11e+02s
21:40:28 [INFO] Epoch=14/40|step=108000|val_acc=0.5734|time=1.13e+02s
21:44:07 [INFO] Epoch=14/40|step=108500|val_acc=0.5696|time=1.13e+02s
21:47:45 [INFO] Epoch=14/40|step=109000|val_acc=0.5684|time=1.11e+02s
21:50:59 [INFO] val_acc=0.5740901981847482
21:53:26 [INFO] Epoch=15/40|step=109500|val_acc=0.5705|time=2.29e+02s
21:57:05 [INFO] Epoch=15/40|step=110000|val_acc=0.5736|time=1.1e+02s
22:00:44 [INFO] Epoch=15/40|step=110500|val_acc= 0.568|time=1.1e+02s
22:04:20 [INFO] Epoch=15/40|step=111000|val_acc=0.5674|time=1.1e+02s
22:07:57 [INFO] Epoch=15/40|step=111500|val_acc=0.5687|time=1.1e+02s
22:11:34 [INFO] Epoch=15/40|step=112000|val_acc=0.5651|time=1.1e+02s
22:15:10 [INFO] Epoch=15/40|step=112500|val_acc=0.5671|time=1.09e+02s
22:18:45 [INFO] Epoch=15/40|step=113000|val_acc=0.5706|time=1.09e+02s
22:22:21 [INFO] Epoch=15/40|step=113500|val_acc=0.5666|time=1.09e+02s
22:25:57 [INFO] Epoch=15/40|step=114000|val_acc=0.5707|time=1.09e+02s
22:29:33 [INFO] Epoch=15/40|step=114500|val_acc=0.5664|time=1.09e+02s
22:33:12 [INFO] Epoch=15/40|step=115000|val_acc=0.5739|time=1.09e+02s
22:36:47 [INFO] Epoch=15/40|step=115500|val_acc=0.5718|time=1.09e+02s
22:40:23 [INFO] Epoch=15/40|step=116000|val_acc= 0.572|time=1.09e+02s
22:44:02 [INFO] Epoch=15/40|step=116500|val_acc=0.5684|time=1.12e+02s
22:47:37 [INFO] Epoch=15/40|step=117000|val_acc= 0.573|time=1.09e+02s
22:50:07 [INFO] val_acc=0.5740901981847482
22:53:09 [INFO] Epoch=16/40|step=117500|val_acc=0.5717|time=2.26e+02s
22:56:45 [INFO] Epoch=16/40|step=118000|val_acc=0.5676|time=1.09e+02s
23:00:21 [INFO] Epoch=16/40|step=118500|val_acc=0.5708|time=1.09e+02s
23:04:00 [INFO] Epoch=16/40|step=119000|val_acc= 0.571|time=1.09e+02s
23:07:37 [INFO] Epoch=16/40|step=119500|val_acc=0.5673|time=1.1e+02s
23:11:14 [INFO] Epoch=16/40|step=120000|val_acc=0.5692|time=1.09e+02s
23:14:51 [INFO] Epoch=16/40|step=120500|val_acc=0.5693|time=1.1e+02s
23:18:28 [INFO] Epoch=16/40|step=121000|val_acc=0.5698|time=1.1e+02s
23:22:05 [INFO] Epoch=16/40|step=121500|val_acc=0.5686|time=1.09e+02s
23:25:41 [INFO] Epoch=16/40|step=122000|val_acc=  0.57|time=1.1e+02s
23:29:20 [INFO] Epoch=16/40|step=122500|val_acc=0.5723|time=1.1e+02s
23:32:56 [INFO] Epoch=16/40|step=123000|val_acc=0.5708|time=1.1e+02s
